<?xml version="1.0" encoding="UTF-8"?>
<!-- Generated by org.testng.reporters.JUnitReportReporter -->
<testsuite skipped="0" hostname="WKWIN7870043" name="firstPack.GetData" tests="2" failures="0" timestamp="2020-03-12T12:27:34 IST" time="4.070" errors="0">
  <testcase name="testdata" time="0.890" classname="firstPack.GetData"/>
  <testcase name="testResponse" time="3.180" classname="firstPack.GetData"/>
</testsuite> <!-- firstPack.GetData -->
